[rust-simple] Running shell script
+ [ -d docker_demo ]
+ rm -rf jenkins_demo
+ git clone https://github.com/Polytech-DevOps-Course-2017/jenkins_demo.git
Cloning into 'jenkins_demo'...
+ cd mishin.sergey/meaningless-app/
+ /root/.cargo/bin/cargo test -v
       Fresh meaningless-app v0.1.0 (file:///var/jenkins_home/workspace/rust-simple/mishin.sergey/meaningless-app)
    Finished dev [unoptimized + debuginfo] target(s) in 0.0 secs
     Running `/var/jenkins_home/workspace/rust-simple/mishin.sergey/meaningless-app/target/debug/deps/meaningless_app-36f5c773e0b94d8c`

running 2 tests
test tests::it_works ... ok
test tests::add_two_numbers_with_generic_function ... ok

test result: ok. 2 passed; 0 failed; 0 ignored; 0 measured; 0 filtered out

     Running `/var/jenkins_home/workspace/rust-simple/mishin.sergey/meaningless-app/target/debug/deps/meaningless_app-dfbfeff9f31141b8`

running 0 tests

test result: ok. 0 passed; 0 failed; 0 ignored; 0 measured; 0 filtered out

   Doc-tests meaningless-app
     Running `rustdoc --test /var/jenkins_home/workspace/rust-simple/mishin.sergey/meaningless-app/src/lib.rs --crate-name meaningless_app -L dependency=/var/jenkins_home/workspace/rust-simple/mishin.sergey/meaningless-app/target/debug/deps --extern meaningless_app=/var/jenkins_home/workspace/rust-simple/mishin.sergey/meaningless-app/target/debug/deps/libmeaningless_app-bb0bd6dacffd7391.rlib`

running 0 tests

test result: ok. 0 passed; 0 failed; 0 ignored; 0 measured; 0 filtered out

